{"C:\\Users\\Gabriel Masson\\Documents\\projetos\\gobarber\\mobile\\src\\components\\Button\\index.tsx": {"path":"C:\\Users\\Gabriel Masson\\Documents\\projetos\\gobarber\\mobile\\src\\components\\Button\\index.tsx","statementMap":{"0":{"start":{"line":10,"column":38},"end":{"line":14,"column":1}},"1":{"start":{"line":11,"column":2},"end":{"line":13,"column":14}}},"fnMap":{"0":{"name":"(anonymous_0)","decl":{"start":{"line":10,"column":38},"end":{"line":10,"column":39}},"loc":{"start":{"line":11,"column":2},"end":{"line":13,"column":14}},"line":11}},"branchMap":{},"s":{"0":1,"1":1},"f":{"0":1},"b":{},"_coverageSchema":"43e27e138ebf9cfc5966b082cf9a028302ed4184","hash":"01a4816465fdcf918c77c2057fa0874eaf0fbc7b"}
,"C:\\Users\\Gabriel Masson\\Documents\\projetos\\gobarber\\mobile\\src\\components\\Input\\index.tsx": {"path":"C:\\Users\\Gabriel Masson\\Documents\\projetos\\gobarber\\mobile\\src\\components\\Input\\index.tsx","statementMap":{"0":{"start":{"line":33,"column":66},"end":{"line":112,"column":1}},"1":{"start":{"line":37,"column":26},"end":{"line":37,"column":51}},"2":{"start":{"line":39,"column":60},"end":{"line":39,"column":74}},"3":{"start":{"line":41,"column":24},"end":{"line":41,"column":76}},"4":{"start":{"line":43,"column":36},"end":{"line":43,"column":51}},"5":{"start":{"line":44,"column":34},"end":{"line":44,"column":49}},"6":{"start":{"line":46,"column":2},"end":{"line":50,"column":6}},"7":{"start":{"line":46,"column":34},"end":{"line":50,"column":3}},"8":{"start":{"line":48,"column":6},"end":{"line":48,"column":39}},"9":{"start":{"line":52,"column":2},"end":{"line":66,"column":33}},"10":{"start":{"line":53,"column":4},"end":{"line":65,"column":7}},"11":{"start":{"line":58,"column":8},"end":{"line":58,"column":44}},"12":{"start":{"line":59,"column":8},"end":{"line":59,"column":65}},"13":{"start":{"line":62,"column":8},"end":{"line":62,"column":41}},"14":{"start":{"line":63,"column":8},"end":{"line":63,"column":41}},"15":{"start":{"line":68,"column":27},"end":{"line":70,"column":8}},"16":{"start":{"line":69,"column":4},"end":{"line":69,"column":23}},"17":{"start":{"line":72,"column":26},"end":{"line":75,"column":8}},"18":{"start":{"line":73,"column":4},"end":{"line":73,"column":24}},"19":{"start":{"line":74,"column":4},"end":{"line":74,"column":47}},"20":{"start":{"line":77,"column":26},"end":{"line":91,"column":34}},"21":{"start":{"line":78,"column":4},"end":{"line":80,"column":5}},"22":{"start":{"line":79,"column":6},"end":{"line":79,"column":23}},"23":{"start":{"line":82,"column":4},"end":{"line":84,"column":5}},"24":{"start":{"line":83,"column":6},"end":{"line":83,"column":23}},"25":{"start":{"line":86,"column":4},"end":{"line":88,"column":5}},"26":{"start":{"line":87,"column":6},"end":{"line":87,"column":23}},"27":{"start":{"line":90,"column":4},"end":{"line":90,"column":21}},"28":{"start":{"line":93,"column":2},"end":{"line":111,"column":4}},"29":{"start":{"line":107,"column":10},"end":{"line":107,"column":46}}},"fnMap":{"0":{"name":"(anonymous_0)","decl":{"start":{"line":33,"column":66},"end":{"line":33,"column":67}},"loc":{"start":{"line":36,"column":5},"end":{"line":112,"column":1}},"line":36},"1":{"name":"(anonymous_1)","decl":{"start":{"line":46,"column":27},"end":{"line":46,"column":28}},"loc":{"start":{"line":46,"column":34},"end":{"line":50,"column":3}},"line":46},"2":{"name":"(anonymous_2)","decl":{"start":{"line":47,"column":4},"end":{"line":47,"column":5}},"loc":{"start":{"line":47,"column":12},"end":{"line":49,"column":5}},"line":47},"3":{"name":"(anonymous_3)","decl":{"start":{"line":52,"column":12},"end":{"line":52,"column":13}},"loc":{"start":{"line":52,"column":18},"end":{"line":66,"column":3}},"line":52},"4":{"name":"(anonymous_4)","decl":{"start":{"line":57,"column":6},"end":{"line":57,"column":7}},"loc":{"start":{"line":57,"column":33},"end":{"line":60,"column":7}},"line":57},"5":{"name":"(anonymous_5)","decl":{"start":{"line":61,"column":6},"end":{"line":61,"column":7}},"loc":{"start":{"line":61,"column":19},"end":{"line":64,"column":7}},"line":61},"6":{"name":"(anonymous_6)","decl":{"start":{"line":68,"column":39},"end":{"line":68,"column":40}},"loc":{"start":{"line":68,"column":45},"end":{"line":70,"column":3}},"line":68},"7":{"name":"(anonymous_7)","decl":{"start":{"line":72,"column":38},"end":{"line":72,"column":39}},"loc":{"start":{"line":72,"column":44},"end":{"line":75,"column":3}},"line":72},"8":{"name":"(anonymous_8)","decl":{"start":{"line":77,"column":38},"end":{"line":77,"column":39}},"loc":{"start":{"line":77,"column":44},"end":{"line":91,"column":3}},"line":77},"9":{"name":"(anonymous_9)","decl":{"start":{"line":106,"column":22},"end":{"line":106,"column":23}},"loc":{"start":{"line":106,"column":33},"end":{"line":108,"column":9}},"line":106}},"branchMap":{"0":{"loc":{"start":{"line":34,"column":16},"end":{"line":34,"column":35}},"type":"default-arg","locations":[{"start":{"line":34,"column":33},"end":{"line":34,"column":35}}],"line":34},"1":{"loc":{"start":{"line":78,"column":4},"end":{"line":80,"column":5}},"type":"if","locations":[{"start":{"line":78,"column":4},"end":{"line":80,"column":5}},{"start":{"line":78,"column":4},"end":{"line":80,"column":5}}],"line":78},"2":{"loc":{"start":{"line":82,"column":4},"end":{"line":84,"column":5}},"type":"if","locations":[{"start":{"line":82,"column":4},"end":{"line":84,"column":5}},{"start":{"line":82,"column":4},"end":{"line":84,"column":5}}],"line":82},"3":{"loc":{"start":{"line":86,"column":4},"end":{"line":88,"column":5}},"type":"if","locations":[{"start":{"line":86,"column":4},"end":{"line":88,"column":5}},{"start":{"line":86,"column":4},"end":{"line":88,"column":5}}],"line":86}},"s":{"0":1,"1":2,"2":2,"3":2,"4":2,"5":2,"6":2,"7":1,"8":0,"9":2,"10":2,"11":0,"12":0,"13":0,"14":0,"15":2,"16":0,"17":2,"18":0,"19":0,"20":2,"21":2,"22":0,"23":2,"24":0,"25":2,"26":0,"27":2,"28":2,"29":0},"f":{"0":2,"1":1,"2":0,"3":2,"4":0,"5":0,"6":0,"7":0,"8":2,"9":0},"b":{"0":[2],"1":[0,2],"2":[0,2],"3":[0,2]},"_coverageSchema":"43e27e138ebf9cfc5966b082cf9a028302ed4184","hash":"527be577524d62f3df4eebea55af2c853b415313"}
,"C:\\Users\\Gabriel Masson\\Documents\\projetos\\gobarber\\mobile\\src\\hooks\\auth.tsx": {"path":"C:\\Users\\Gabriel Masson\\Documents\\projetos\\gobarber\\mobile\\src\\hooks\\auth.tsx","statementMap":{"0":{"start":{"line":44,"column":20},"end":{"line":44,"column":73}},"1":{"start":{"line":46,"column":31},"end":{"line":123,"column":1}},"2":{"start":{"line":47,"column":26},"end":{"line":47,"column":62}},"3":{"start":{"line":48,"column":32},"end":{"line":48,"column":46}},"4":{"start":{"line":50,"column":2},"end":{"line":70,"column":9}},"5":{"start":{"line":52,"column":28},"end":{"line":55,"column":8}},"6":{"start":{"line":57,"column":6},"end":{"line":64,"column":7}},"7":{"start":{"line":58,"column":8},"end":{"line":58,"column":66}},"8":{"start":{"line":60,"column":8},"end":{"line":63,"column":11}},"9":{"start":{"line":66,"column":6},"end":{"line":66,"column":24}},"10":{"start":{"line":69,"column":4},"end":{"line":69,"column":23}},"11":{"start":{"line":72,"column":17},"end":{"line":78,"column":8}},"12":{"start":{"line":73,"column":4},"end":{"line":77,"column":7}},"13":{"start":{"line":80,"column":17},"end":{"line":96,"column":8}},"14":{"start":{"line":81,"column":21},"end":{"line":84,"column":6}},"15":{"start":{"line":86,"column":28},"end":{"line":86,"column":41}},"16":{"start":{"line":88,"column":4},"end":{"line":91,"column":7}},"17":{"start":{"line":93,"column":4},"end":{"line":93,"column":59}},"18":{"start":{"line":95,"column":4},"end":{"line":95,"column":29}},"19":{"start":{"line":98,"column":18},"end":{"line":102,"column":8}},"20":{"start":{"line":99,"column":4},"end":{"line":99,"column":75}},"21":{"start":{"line":101,"column":4},"end":{"line":101,"column":29}},"22":{"start":{"line":104,"column":21},"end":{"line":114,"column":3}},"23":{"start":{"line":106,"column":6},"end":{"line":106,"column":73}},"24":{"start":{"line":108,"column":6},"end":{"line":111,"column":9}},"25":{"start":{"line":116,"column":2},"end":{"line":122,"column":4}},"26":{"start":{"line":126,"column":18},"end":{"line":126,"column":41}},"27":{"start":{"line":128,"column":2},"end":{"line":130,"column":3}},"28":{"start":{"line":129,"column":4},"end":{"line":129,"column":68}},"29":{"start":{"line":132,"column":2},"end":{"line":132,"column":17}}},"fnMap":{"0":{"name":"(anonymous_0)","decl":{"start":{"line":46,"column":31},"end":{"line":46,"column":32}},"loc":{"start":{"line":46,"column":49},"end":{"line":123,"column":1}},"line":46},"1":{"name":"(anonymous_1)","decl":{"start":{"line":50,"column":12},"end":{"line":50,"column":13}},"loc":{"start":{"line":50,"column":18},"end":{"line":70,"column":3}},"line":50},"2":{"name":"loadStoragedData","decl":{"start":{"line":51,"column":19},"end":{"line":51,"column":35}},"loc":{"start":{"line":51,"column":53},"end":{"line":67,"column":5}},"line":51},"3":{"name":"(anonymous_3)","decl":{"start":{"line":72,"column":29},"end":{"line":72,"column":30}},"loc":{"start":{"line":72,"column":66},"end":{"line":78,"column":3}},"line":72},"4":{"name":"(anonymous_4)","decl":{"start":{"line":80,"column":29},"end":{"line":80,"column":30}},"loc":{"start":{"line":80,"column":60},"end":{"line":96,"column":3}},"line":80},"5":{"name":"(anonymous_5)","decl":{"start":{"line":98,"column":30},"end":{"line":98,"column":31}},"loc":{"start":{"line":98,"column":42},"end":{"line":102,"column":3}},"line":98},"6":{"name":"(anonymous_6)","decl":{"start":{"line":105,"column":4},"end":{"line":105,"column":5}},"loc":{"start":{"line":105,"column":26},"end":{"line":112,"column":5}},"line":105},"7":{"name":"useAuth","decl":{"start":{"line":125,"column":9},"end":{"line":125,"column":16}},"loc":{"start":{"line":125,"column":36},"end":{"line":133,"column":1}},"line":125}},"branchMap":{"0":{"loc":{"start":{"line":57,"column":6},"end":{"line":64,"column":7}},"type":"if","locations":[{"start":{"line":57,"column":6},"end":{"line":64,"column":7}},{"start":{"line":57,"column":6},"end":{"line":64,"column":7}}],"line":57},"1":{"loc":{"start":{"line":57,"column":10},"end":{"line":57,"column":29}},"type":"binary-expr","locations":[{"start":{"line":57,"column":10},"end":{"line":57,"column":18}},{"start":{"line":57,"column":22},"end":{"line":57,"column":29}}],"line":57},"2":{"loc":{"start":{"line":128,"column":2},"end":{"line":130,"column":3}},"type":"if","locations":[{"start":{"line":128,"column":2},"end":{"line":130,"column":3}},{"start":{"line":128,"column":2},"end":{"line":130,"column":3}}],"line":128}},"s":{"0":1,"1":1,"2":0,"3":0,"4":0,"5":0,"6":0,"7":0,"8":0,"9":0,"10":0,"11":0,"12":0,"13":0,"14":0,"15":0,"16":0,"17":0,"18":0,"19":0,"20":0,"21":0,"22":0,"23":0,"24":0,"25":0,"26":1,"27":1,"28":0,"29":1},"f":{"0":0,"1":0,"2":0,"3":0,"4":0,"5":0,"6":0,"7":1},"b":{"0":[0,0],"1":[0,0],"2":[0,1]},"_coverageSchema":"43e27e138ebf9cfc5966b082cf9a028302ed4184","hash":"94c55a16d576e8154b45857ffb84c54015ba926d"}
,"C:\\Users\\Gabriel Masson\\Documents\\projetos\\gobarber\\mobile\\src\\screens\\AppointmentCreation\\index.tsx": {"path":"C:\\Users\\Gabriel Masson\\Documents\\projetos\\gobarber\\mobile\\src\\screens\\AppointmentCreation\\index.tsx","statementMap":{"0":{"start":{"line":50,"column":38},"end":{"line":270,"column":1}},"1":{"start":{"line":51,"column":21},"end":{"line":51,"column":31}},"2":{"start":{"line":52,"column":19},"end":{"line":52,"column":28}},"3":{"start":{"line":53,"column":31},"end":{"line":53,"column":46}},"4":{"start":{"line":55,"column":22},"end":{"line":55,"column":43}},"5":{"start":{"line":57,"column":46},"end":{"line":57,"column":61}},"6":{"start":{"line":59,"column":36},"end":{"line":59,"column":60}},"7":{"start":{"line":60,"column":50},"end":{"line":62,"column":3}},"8":{"start":{"line":64,"column":42},"end":{"line":64,"column":62}},"9":{"start":{"line":65,"column":42},"end":{"line":65,"column":53}},"10":{"start":{"line":67,"column":48},"end":{"line":67,"column":79}},"11":{"start":{"line":69,"column":2},"end":{"line":71,"column":9}},"12":{"start":{"line":70,"column":4},"end":{"line":70,"column":73}},"13":{"start":{"line":70,"column":44},"end":{"line":70,"column":71}},"14":{"start":{"line":73,"column":2},"end":{"line":83,"column":39}},"15":{"start":{"line":74,"column":4},"end":{"line":82,"column":61}},"16":{"start":{"line":82,"column":26},"end":{"line":82,"column":59}},"17":{"start":{"line":85,"column":29},"end":{"line":87,"column":14}},"18":{"start":{"line":86,"column":4},"end":{"line":86,"column":13}},"19":{"start":{"line":89,"column":31},"end":{"line":91,"column":8}},"20":{"start":{"line":90,"column":4},"end":{"line":90,"column":36}},"21":{"start":{"line":93,"column":33},"end":{"line":95,"column":8}},"22":{"start":{"line":94,"column":4},"end":{"line":94,"column":49}},"23":{"start":{"line":94,"column":37},"end":{"line":94,"column":47}},"24":{"start":{"line":97,"column":27},"end":{"line":105,"column":8}},"25":{"start":{"line":98,"column":4},"end":{"line":100,"column":5}},"26":{"start":{"line":99,"column":6},"end":{"line":99,"column":31}},"27":{"start":{"line":102,"column":4},"end":{"line":104,"column":5}},"28":{"start":{"line":103,"column":6},"end":{"line":103,"column":28}},"29":{"start":{"line":107,"column":27},"end":{"line":109,"column":8}},"30":{"start":{"line":108,"column":4},"end":{"line":108,"column":26}},"31":{"start":{"line":111,"column":34},"end":{"line":131,"column":62}},"32":{"start":{"line":112,"column":4},"end":{"line":130,"column":5}},"33":{"start":{"line":113,"column":19},"end":{"line":113,"column":41}},"34":{"start":{"line":115,"column":6},"end":{"line":115,"column":38}},"35":{"start":{"line":116,"column":6},"end":{"line":116,"column":25}},"36":{"start":{"line":117,"column":6},"end":{"line":117,"column":25}},"37":{"start":{"line":119,"column":6},"end":{"line":122,"column":9}},"38":{"start":{"line":124,"column":6},"end":{"line":124,"column":63}},"39":{"start":{"line":126,"column":6},"end":{"line":129,"column":8}},"40":{"start":{"line":133,"column":30},"end":{"line":143,"column":23}},"41":{"start":{"line":134,"column":4},"end":{"line":142,"column":9}},"42":{"start":{"line":135,"column":28},"end":{"line":135,"column":37}},"43":{"start":{"line":137,"column":8},"end":{"line":141,"column":10}},"44":{"start":{"line":145,"column":32},"end":{"line":155,"column":23}},"45":{"start":{"line":146,"column":4},"end":{"line":154,"column":9}},"46":{"start":{"line":147,"column":28},"end":{"line":147,"column":38}},"47":{"start":{"line":149,"column":8},"end":{"line":153,"column":10}},"48":{"start":{"line":157,"column":2},"end":{"line":269,"column":4}},"49":{"start":{"line":175,"column":40},"end":{"line":175,"column":51}},"50":{"start":{"line":177,"column":14},"end":{"line":188,"column":34}},"51":{"start":{"line":179,"column":31},"end":{"line":179,"column":64}},"52":{"start":{"line":224,"column":20},"end":{"line":234,"column":27}},"53":{"start":{"line":229,"column":37},"end":{"line":229,"column":59}},"54":{"start":{"line":247,"column":20},"end":{"line":257,"column":27}},"55":{"start":{"line":252,"column":37},"end":{"line":252,"column":59}}},"fnMap":{"0":{"name":"(anonymous_0)","decl":{"start":{"line":50,"column":38},"end":{"line":50,"column":39}},"loc":{"start":{"line":50,"column":44},"end":{"line":270,"column":1}},"line":50},"1":{"name":"(anonymous_1)","decl":{"start":{"line":69,"column":12},"end":{"line":69,"column":13}},"loc":{"start":{"line":69,"column":18},"end":{"line":71,"column":3}},"line":69},"2":{"name":"(anonymous_2)","decl":{"start":{"line":70,"column":30},"end":{"line":70,"column":31}},"loc":{"start":{"line":70,"column":44},"end":{"line":70,"column":71}},"line":70},"3":{"name":"(anonymous_3)","decl":{"start":{"line":73,"column":12},"end":{"line":73,"column":13}},"loc":{"start":{"line":73,"column":18},"end":{"line":83,"column":3}},"line":73},"4":{"name":"(anonymous_4)","decl":{"start":{"line":82,"column":12},"end":{"line":82,"column":13}},"loc":{"start":{"line":82,"column":26},"end":{"line":82,"column":59}},"line":82},"5":{"name":"(anonymous_5)","decl":{"start":{"line":85,"column":41},"end":{"line":85,"column":42}},"loc":{"start":{"line":85,"column":47},"end":{"line":87,"column":3}},"line":85},"6":{"name":"(anonymous_6)","decl":{"start":{"line":89,"column":43},"end":{"line":89,"column":44}},"loc":{"start":{"line":89,"column":67},"end":{"line":91,"column":3}},"line":89},"7":{"name":"(anonymous_7)","decl":{"start":{"line":93,"column":45},"end":{"line":93,"column":46}},"loc":{"start":{"line":93,"column":51},"end":{"line":95,"column":3}},"line":93},"8":{"name":"(anonymous_8)","decl":{"start":{"line":94,"column":22},"end":{"line":94,"column":23}},"loc":{"start":{"line":94,"column":37},"end":{"line":94,"column":47}},"line":94},"9":{"name":"(anonymous_9)","decl":{"start":{"line":97,"column":39},"end":{"line":97,"column":40}},"loc":{"start":{"line":97,"column":63},"end":{"line":105,"column":3}},"line":97},"10":{"name":"(anonymous_10)","decl":{"start":{"line":107,"column":39},"end":{"line":107,"column":40}},"loc":{"start":{"line":107,"column":57},"end":{"line":109,"column":3}},"line":107},"11":{"name":"(anonymous_11)","decl":{"start":{"line":111,"column":46},"end":{"line":111,"column":47}},"loc":{"start":{"line":111,"column":58},"end":{"line":131,"column":3}},"line":111},"12":{"name":"(anonymous_12)","decl":{"start":{"line":133,"column":38},"end":{"line":133,"column":39}},"loc":{"start":{"line":133,"column":44},"end":{"line":143,"column":3}},"line":133},"13":{"name":"(anonymous_13)","decl":{"start":{"line":135,"column":14},"end":{"line":135,"column":15}},"loc":{"start":{"line":135,"column":28},"end":{"line":135,"column":37}},"line":135},"14":{"name":"(anonymous_14)","decl":{"start":{"line":136,"column":11},"end":{"line":136,"column":12}},"loc":{"start":{"line":136,"column":36},"end":{"line":142,"column":7}},"line":136},"15":{"name":"(anonymous_15)","decl":{"start":{"line":145,"column":40},"end":{"line":145,"column":41}},"loc":{"start":{"line":145,"column":46},"end":{"line":155,"column":3}},"line":145},"16":{"name":"(anonymous_16)","decl":{"start":{"line":147,"column":14},"end":{"line":147,"column":15}},"loc":{"start":{"line":147,"column":28},"end":{"line":147,"column":38}},"line":147},"17":{"name":"(anonymous_17)","decl":{"start":{"line":148,"column":11},"end":{"line":148,"column":12}},"loc":{"start":{"line":148,"column":36},"end":{"line":154,"column":7}},"line":148},"18":{"name":"(anonymous_18)","decl":{"start":{"line":175,"column":26},"end":{"line":175,"column":27}},"loc":{"start":{"line":175,"column":40},"end":{"line":175,"column":51}},"line":175},"19":{"name":"(anonymous_19)","decl":{"start":{"line":176,"column":24},"end":{"line":176,"column":25}},"loc":{"start":{"line":177,"column":14},"end":{"line":188,"column":34}},"line":177},"20":{"name":"(anonymous_20)","decl":{"start":{"line":179,"column":25},"end":{"line":179,"column":26}},"loc":{"start":{"line":179,"column":31},"end":{"line":179,"column":64}},"line":179},"21":{"name":"(anonymous_21)","decl":{"start":{"line":223,"column":18},"end":{"line":223,"column":19}},"loc":{"start":{"line":224,"column":20},"end":{"line":234,"column":27}},"line":224},"22":{"name":"(anonymous_22)","decl":{"start":{"line":229,"column":31},"end":{"line":229,"column":32}},"loc":{"start":{"line":229,"column":37},"end":{"line":229,"column":59}},"line":229},"23":{"name":"(anonymous_23)","decl":{"start":{"line":246,"column":18},"end":{"line":246,"column":19}},"loc":{"start":{"line":247,"column":20},"end":{"line":257,"column":27}},"line":247},"24":{"name":"(anonymous_24)","decl":{"start":{"line":252,"column":31},"end":{"line":252,"column":32}},"loc":{"start":{"line":252,"column":37},"end":{"line":252,"column":59}},"line":252}},"branchMap":{"0":{"loc":{"start":{"line":98,"column":4},"end":{"line":100,"column":5}},"type":"if","locations":[{"start":{"line":98,"column":4},"end":{"line":100,"column":5}},{"start":{"line":98,"column":4},"end":{"line":100,"column":5}}],"line":98},"1":{"loc":{"start":{"line":102,"column":4},"end":{"line":104,"column":5}},"type":"if","locations":[{"start":{"line":102,"column":4},"end":{"line":104,"column":5}},{"start":{"line":102,"column":4},"end":{"line":104,"column":5}}],"line":102},"2":{"loc":{"start":{"line":181,"column":17},"end":{"line":183,"column":17}},"type":"binary-expr","locations":[{"start":{"line":181,"column":17},"end":{"line":181,"column":36}},{"start":{"line":182,"column":18},"end":{"line":182,"column":74}}],"line":181},"3":{"loc":{"start":{"line":202,"column":11},"end":{"line":211,"column":11}},"type":"binary-expr","locations":[{"start":{"line":202,"column":11},"end":{"line":202,"column":25}},{"start":{"line":203,"column":12},"end":{"line":210,"column":14}}],"line":202},"4":{"loc":{"start":{"line":221,"column":15},"end":{"line":236,"column":17}},"type":"binary-expr","locations":[{"start":{"line":221,"column":15},"end":{"line":221,"column":34}},{"start":{"line":222,"column":16},"end":{"line":236,"column":17}}],"line":221},"5":{"loc":{"start":{"line":244,"column":15},"end":{"line":259,"column":17}},"type":"binary-expr","locations":[{"start":{"line":244,"column":15},"end":{"line":244,"column":36}},{"start":{"line":245,"column":16},"end":{"line":259,"column":17}}],"line":244}},"s":{"0":0,"1":0,"2":0,"3":0,"4":0,"5":0,"6":0,"7":0,"8":0,"9":0,"10":0,"11":0,"12":0,"13":0,"14":0,"15":0,"16":0,"17":0,"18":0,"19":0,"20":0,"21":0,"22":0,"23":0,"24":0,"25":0,"26":0,"27":0,"28":0,"29":0,"30":0,"31":0,"32":0,"33":0,"34":0,"35":0,"36":0,"37":0,"38":0,"39":0,"40":0,"41":0,"42":0,"43":0,"44":0,"45":0,"46":0,"47":0,"48":0,"49":0,"50":0,"51":0,"52":0,"53":0,"54":0,"55":0},"f":{"0":0,"1":0,"2":0,"3":0,"4":0,"5":0,"6":0,"7":0,"8":0,"9":0,"10":0,"11":0,"12":0,"13":0,"14":0,"15":0,"16":0,"17":0,"18":0,"19":0,"20":0,"21":0,"22":0,"23":0,"24":0},"b":{"0":[0,0],"1":[0,0],"2":[0,0],"3":[0,0],"4":[0,0],"5":[0,0]},"hash":"25101453a35ece7bd421ee501d5355528f9ba277"}
,"C:\\Users\\Gabriel Masson\\Documents\\projetos\\gobarber\\mobile\\src\\screens\\ApppointmentCreated\\index.tsx": {"path":"C:\\Users\\Gabriel Masson\\Documents\\projetos\\gobarber\\mobile\\src\\screens\\ApppointmentCreated\\index.tsx","statementMap":{"0":{"start":{"line":20,"column":38},"end":{"line":72,"column":1}},"1":{"start":{"line":21,"column":20},"end":{"line":21,"column":35}},"2":{"start":{"line":22,"column":21},"end":{"line":22,"column":31}},"3":{"start":{"line":24,"column":22},"end":{"line":24,"column":43}},"4":{"start":{"line":26,"column":24},"end":{"line":31,"column":13}},"5":{"start":{"line":27,"column":4},"end":{"line":30,"column":7}},"6":{"start":{"line":33,"column":24},"end":{"line":55,"column":19}},"7":{"start":{"line":34,"column":20},"end":{"line":36,"column":6}},"8":{"start":{"line":38,"column":4},"end":{"line":46,"column":5}},"9":{"start":{"line":39,"column":6},"end":{"line":45,"column":8}},"10":{"start":{"line":48,"column":4},"end":{"line":54,"column":6}},"11":{"start":{"line":57,"column":2},"end":{"line":71,"column":4}}},"fnMap":{"0":{"name":"(anonymous_0)","decl":{"start":{"line":20,"column":38},"end":{"line":20,"column":39}},"loc":{"start":{"line":20,"column":44},"end":{"line":72,"column":1}},"line":20},"1":{"name":"(anonymous_1)","decl":{"start":{"line":26,"column":36},"end":{"line":26,"column":37}},"loc":{"start":{"line":26,"column":42},"end":{"line":31,"column":3}},"line":26},"2":{"name":"(anonymous_2)","decl":{"start":{"line":33,"column":32},"end":{"line":33,"column":33}},"loc":{"start":{"line":33,"column":38},"end":{"line":55,"column":3}},"line":33}},"branchMap":{"0":{"loc":{"start":{"line":38,"column":4},"end":{"line":46,"column":5}},"type":"if","locations":[{"start":{"line":38,"column":4},"end":{"line":46,"column":5}},{"start":{"line":38,"column":4},"end":{"line":46,"column":5}}],"line":38},"1":{"loc":{"start":{"line":38,"column":8},"end":{"line":38,"column":53}},"type":"binary-expr","locations":[{"start":{"line":38,"column":8},"end":{"line":38,"column":28}},{"start":{"line":38,"column":32},"end":{"line":38,"column":53}}],"line":38}},"s":{"0":0,"1":0,"2":0,"3":0,"4":0,"5":0,"6":0,"7":0,"8":0,"9":0,"10":0,"11":0},"f":{"0":0,"1":0,"2":0},"b":{"0":[0,0],"1":[0,0]},"hash":"c815ef27caeeb88646480b02ad113167ab7a9816"}
,"C:\\Users\\Gabriel Masson\\Documents\\projetos\\gobarber\\mobile\\src\\screens\\Dashboard\\index.tsx": {"path":"C:\\Users\\Gabriel Masson\\Documents\\projetos\\gobarber\\mobile\\src\\screens\\Dashboard\\index.tsx","statementMap":{"0":{"start":{"line":32,"column":28},"end":{"line":100,"column":1}},"1":{"start":{"line":33,"column":19},"end":{"line":33,"column":28}},"2":{"start":{"line":34,"column":23},"end":{"line":34,"column":38}},"3":{"start":{"line":36,"column":36},"end":{"line":36,"column":60}},"4":{"start":{"line":38,"column":2},"end":{"line":40,"column":9}},"5":{"start":{"line":39,"column":4},"end":{"line":39,"column":73}},"6":{"start":{"line":39,"column":44},"end":{"line":39,"column":71}},"7":{"start":{"line":42,"column":28},"end":{"line":44,"column":16}},"8":{"start":{"line":43,"column":4},"end":{"line":43,"column":24}},"9":{"start":{"line":46,"column":40},"end":{"line":51,"column":3}},"10":{"start":{"line":48,"column":6},"end":{"line":48,"column":54}},"11":{"start":{"line":53,"column":2},"end":{"line":99,"column":4}},"12":{"start":{"line":70,"column":36},"end":{"line":70,"column":47}},"13":{"start":{"line":75,"column":10},"end":{"line":95,"column":30}},"14":{"start":{"line":76,"column":27},"end":{"line":76,"column":69}}},"fnMap":{"0":{"name":"(anonymous_0)","decl":{"start":{"line":32,"column":28},"end":{"line":32,"column":29}},"loc":{"start":{"line":32,"column":34},"end":{"line":100,"column":1}},"line":32},"1":{"name":"(anonymous_1)","decl":{"start":{"line":38,"column":12},"end":{"line":38,"column":13}},"loc":{"start":{"line":38,"column":18},"end":{"line":40,"column":3}},"line":38},"2":{"name":"(anonymous_2)","decl":{"start":{"line":39,"column":30},"end":{"line":39,"column":31}},"loc":{"start":{"line":39,"column":44},"end":{"line":39,"column":71}},"line":39},"3":{"name":"(anonymous_3)","decl":{"start":{"line":42,"column":40},"end":{"line":42,"column":41}},"loc":{"start":{"line":42,"column":46},"end":{"line":44,"column":3}},"line":42},"4":{"name":"(anonymous_4)","decl":{"start":{"line":47,"column":4},"end":{"line":47,"column":5}},"loc":{"start":{"line":47,"column":28},"end":{"line":49,"column":5}},"line":47},"5":{"name":"(anonymous_5)","decl":{"start":{"line":70,"column":22},"end":{"line":70,"column":23}},"loc":{"start":{"line":70,"column":36},"end":{"line":70,"column":47}},"line":70},"6":{"name":"(anonymous_6)","decl":{"start":{"line":74,"column":20},"end":{"line":74,"column":21}},"loc":{"start":{"line":75,"column":10},"end":{"line":95,"column":30}},"line":75},"7":{"name":"(anonymous_7)","decl":{"start":{"line":76,"column":21},"end":{"line":76,"column":22}},"loc":{"start":{"line":76,"column":27},"end":{"line":76,"column":69}},"line":76}},"branchMap":{"0":{"loc":{"start":{"line":78,"column":13},"end":{"line":80,"column":13}},"type":"binary-expr","locations":[{"start":{"line":78,"column":13},"end":{"line":78,"column":32}},{"start":{"line":79,"column":14},"end":{"line":79,"column":70}}],"line":78}},"s":{"0":0,"1":0,"2":0,"3":0,"4":0,"5":0,"6":0,"7":0,"8":0,"9":0,"10":0,"11":0,"12":0,"13":0,"14":0},"f":{"0":0,"1":0,"2":0,"3":0,"4":0,"5":0,"6":0,"7":0},"b":{"0":[0,0]},"hash":"a3c39000b679c1c14c455c6a508d511745122cf1"}
,"C:\\Users\\Gabriel Masson\\Documents\\projetos\\gobarber\\mobile\\src\\screens\\Profile\\index.tsx": {"path":"C:\\Users\\Gabriel Masson\\Documents\\projetos\\gobarber\\mobile\\src\\screens\\Profile\\index.tsx","statementMap":{"0":{"start":{"line":46,"column":26},"end":{"line":271,"column":1}},"1":{"start":{"line":47,"column":18},"end":{"line":47,"column":43}},"2":{"start":{"line":48,"column":24},"end":{"line":48,"column":47}},"3":{"start":{"line":49,"column":30},"end":{"line":49,"column":53}},"4":{"start":{"line":50,"column":27},"end":{"line":50,"column":50}},"5":{"start":{"line":51,"column":34},"end":{"line":51,"column":57}},"6":{"start":{"line":53,"column":21},"end":{"line":53,"column":36}},"7":{"start":{"line":55,"column":40},"end":{"line":55,"column":49}},"8":{"start":{"line":57,"column":60},"end":{"line":57,"column":74}},"9":{"start":{"line":59,"column":2},"end":{"line":67,"column":9}},"10":{"start":{"line":60,"column":4},"end":{"line":62,"column":6}},"11":{"start":{"line":61,"column":6},"end":{"line":61,"column":37}},"12":{"start":{"line":64,"column":4},"end":{"line":66,"column":6}},"13":{"start":{"line":65,"column":6},"end":{"line":65,"column":36}},"14":{"start":{"line":69,"column":29},"end":{"line":99,"column":24}},"15":{"start":{"line":70,"column":4},"end":{"line":98,"column":6}},"16":{"start":{"line":78,"column":8},"end":{"line":80,"column":9}},"17":{"start":{"line":79,"column":10},"end":{"line":79,"column":17}},"18":{"start":{"line":82,"column":8},"end":{"line":84,"column":9}},"19":{"start":{"line":83,"column":10},"end":{"line":83,"column":53}},"20":{"start":{"line":86,"column":21},"end":{"line":86,"column":35}},"21":{"start":{"line":88,"column":8},"end":{"line":92,"column":11}},"22":{"start":{"line":94,"column":8},"end":{"line":96,"column":63}},"23":{"start":{"line":96,"column":33},"end":{"line":96,"column":61}},"24":{"start":{"line":101,"column":22},"end":{"line":175,"column":3}},"25":{"start":{"line":103,"column":6},"end":{"line":172,"column":7}},"26":{"start":{"line":104,"column":8},"end":{"line":104,"column":39}},"27":{"start":{"line":106,"column":23},"end":{"line":124,"column":10}},"28":{"start":{"line":113,"column":25},"end":{"line":113,"column":30}},"29":{"start":{"line":119,"column":27},"end":{"line":119,"column":32}},"30":{"start":{"line":126,"column":8},"end":{"line":128,"column":11}},"31":{"start":{"line":136,"column":12},"end":{"line":136,"column":16}},"32":{"start":{"line":138,"column":25},"end":{"line":148,"column":9}},"33":{"start":{"line":150,"column":25},"end":{"line":150,"column":59}},"34":{"start":{"line":152,"column":8},"end":{"line":152,"column":34}},"35":{"start":{"line":154,"column":8},"end":{"line":154,"column":33}},"36":{"start":{"line":156,"column":8},"end":{"line":156,"column":54}},"37":{"start":{"line":158,"column":8},"end":{"line":158,"column":17}},"38":{"start":{"line":160,"column":8},"end":{"line":166,"column":9}},"39":{"start":{"line":161,"column":25},"end":{"line":161,"column":49}},"40":{"start":{"line":163,"column":10},"end":{"line":163,"column":45}},"41":{"start":{"line":165,"column":10},"end":{"line":165,"column":17}},"42":{"start":{"line":168,"column":8},"end":{"line":171,"column":10}},"43":{"start":{"line":177,"column":2},"end":{"line":270,"column":4}},"44":{"start":{"line":187,"column":37},"end":{"line":187,"column":45}},"45":{"start":{"line":210,"column":37},"end":{"line":210,"column":67}},"46":{"start":{"line":222,"column":37},"end":{"line":222,"column":73}},"47":{"start":{"line":233,"column":37},"end":{"line":233,"column":70}},"48":{"start":{"line":243,"column":37},"end":{"line":243,"column":77}},"49":{"start":{"line":252,"column":37},"end":{"line":252,"column":66}},"50":{"start":{"line":255,"column":35},"end":{"line":255,"column":64}},"51":{"start":{"line":263,"column":38},"end":{"line":263,"column":47}}},"fnMap":{"0":{"name":"(anonymous_0)","decl":{"start":{"line":46,"column":26},"end":{"line":46,"column":27}},"loc":{"start":{"line":46,"column":32},"end":{"line":271,"column":1}},"line":46},"1":{"name":"(anonymous_1)","decl":{"start":{"line":59,"column":12},"end":{"line":59,"column":13}},"loc":{"start":{"line":59,"column":18},"end":{"line":67,"column":3}},"line":59},"2":{"name":"(anonymous_2)","decl":{"start":{"line":60,"column":44},"end":{"line":60,"column":45}},"loc":{"start":{"line":61,"column":6},"end":{"line":61,"column":37}},"line":61},"3":{"name":"(anonymous_3)","decl":{"start":{"line":64,"column":44},"end":{"line":64,"column":45}},"loc":{"start":{"line":65,"column":6},"end":{"line":65,"column":36}},"line":65},"4":{"name":"(anonymous_4)","decl":{"start":{"line":69,"column":41},"end":{"line":69,"column":42}},"loc":{"start":{"line":69,"column":47},"end":{"line":99,"column":3}},"line":69},"5":{"name":"(anonymous_5)","decl":{"start":{"line":77,"column":6},"end":{"line":77,"column":7}},"loc":{"start":{"line":77,"column":20},"end":{"line":97,"column":7}},"line":77},"6":{"name":"(anonymous_6)","decl":{"start":{"line":96,"column":16},"end":{"line":96,"column":17}},"loc":{"start":{"line":96,"column":33},"end":{"line":96,"column":61}},"line":96},"7":{"name":"(anonymous_7)","decl":{"start":{"line":102,"column":4},"end":{"line":102,"column":5}},"loc":{"start":{"line":102,"column":37},"end":{"line":173,"column":5}},"line":102},"8":{"name":"(anonymous_8)","decl":{"start":{"line":113,"column":16},"end":{"line":113,"column":17}},"loc":{"start":{"line":113,"column":25},"end":{"line":113,"column":30}},"line":113},"9":{"name":"(anonymous_9)","decl":{"start":{"line":119,"column":18},"end":{"line":119,"column":19}},"loc":{"start":{"line":119,"column":27},"end":{"line":119,"column":32}},"line":119},"10":{"name":"(anonymous_10)","decl":{"start":{"line":187,"column":31},"end":{"line":187,"column":32}},"loc":{"start":{"line":187,"column":37},"end":{"line":187,"column":45}},"line":187},"11":{"name":"(anonymous_11)","decl":{"start":{"line":210,"column":31},"end":{"line":210,"column":32}},"loc":{"start":{"line":210,"column":37},"end":{"line":210,"column":67}},"line":210},"12":{"name":"(anonymous_12)","decl":{"start":{"line":222,"column":31},"end":{"line":222,"column":32}},"loc":{"start":{"line":222,"column":37},"end":{"line":222,"column":73}},"line":222},"13":{"name":"(anonymous_13)","decl":{"start":{"line":233,"column":31},"end":{"line":233,"column":32}},"loc":{"start":{"line":233,"column":37},"end":{"line":233,"column":70}},"line":233},"14":{"name":"(anonymous_14)","decl":{"start":{"line":243,"column":31},"end":{"line":243,"column":32}},"loc":{"start":{"line":243,"column":37},"end":{"line":243,"column":77}},"line":243},"15":{"name":"(anonymous_15)","decl":{"start":{"line":252,"column":31},"end":{"line":252,"column":32}},"loc":{"start":{"line":252,"column":37},"end":{"line":252,"column":66}},"line":252},"16":{"name":"(anonymous_16)","decl":{"start":{"line":255,"column":29},"end":{"line":255,"column":30}},"loc":{"start":{"line":255,"column":35},"end":{"line":255,"column":64}},"line":255},"17":{"name":"(anonymous_17)","decl":{"start":{"line":263,"column":32},"end":{"line":263,"column":33}},"loc":{"start":{"line":263,"column":38},"end":{"line":263,"column":47}},"line":263}},"branchMap":{"0":{"loc":{"start":{"line":78,"column":8},"end":{"line":80,"column":9}},"type":"if","locations":[{"start":{"line":78,"column":8},"end":{"line":80,"column":9}},{"start":{"line":78,"column":8},"end":{"line":80,"column":9}}],"line":78},"1":{"loc":{"start":{"line":82,"column":8},"end":{"line":84,"column":9}},"type":"if","locations":[{"start":{"line":82,"column":8},"end":{"line":84,"column":9}},{"start":{"line":82,"column":8},"end":{"line":84,"column":9}}],"line":82},"2":{"loc":{"start":{"line":141,"column":14},"end":{"line":147,"column":16}},"type":"cond-expr","locations":[{"start":{"line":142,"column":14},"end":{"line":146,"column":15}},{"start":{"line":147,"column":14},"end":{"line":147,"column":16}}],"line":141},"3":{"loc":{"start":{"line":160,"column":8},"end":{"line":166,"column":9}},"type":"if","locations":[{"start":{"line":160,"column":8},"end":{"line":166,"column":9}},{"start":{"line":160,"column":8},"end":{"line":166,"column":9}}],"line":160},"4":{"loc":{"start":{"line":181,"column":18},"end":{"line":181,"column":63}},"type":"cond-expr","locations":[{"start":{"line":181,"column":42},"end":{"line":181,"column":51}},{"start":{"line":181,"column":54},"end":{"line":181,"column":63}}],"line":181},"5":{"loc":{"start":{"line":262,"column":7},"end":{"line":268,"column":7}},"type":"binary-expr","locations":[{"start":{"line":262,"column":7},"end":{"line":262,"column":28}},{"start":{"line":263,"column":8},"end":{"line":267,"column":24}}],"line":262}},"s":{"0":0,"1":0,"2":0,"3":0,"4":0,"5":0,"6":0,"7":0,"8":0,"9":0,"10":0,"11":0,"12":0,"13":0,"14":0,"15":0,"16":0,"17":0,"18":0,"19":0,"20":0,"21":0,"22":0,"23":0,"24":0,"25":0,"26":0,"27":0,"28":0,"29":0,"30":0,"31":0,"32":0,"33":0,"34":0,"35":0,"36":0,"37":0,"38":0,"39":0,"40":0,"41":0,"42":0,"43":0,"44":0,"45":0,"46":0,"47":0,"48":0,"49":0,"50":0,"51":0},"f":{"0":0,"1":0,"2":0,"3":0,"4":0,"5":0,"6":0,"7":0,"8":0,"9":0,"10":0,"11":0,"12":0,"13":0,"14":0,"15":0,"16":0,"17":0},"b":{"0":[0,0],"1":[0,0],"2":[0,0],"3":[0,0],"4":[0,0],"5":[0,0]},"hash":"c79af17a6b82f1d7f754466dd292eac4c0ec7519"}
,"C:\\Users\\Gabriel Masson\\Documents\\projetos\\gobarber\\mobile\\src\\screens\\SignIn\\index.tsx": {"path":"C:\\Users\\Gabriel Masson\\Documents\\projetos\\gobarber\\mobile\\src\\screens\\SignIn\\index.tsx","statementMap":{"0":{"start":{"line":42,"column":25},"end":{"line":161,"column":1}},"1":{"start":{"line":43,"column":18},"end":{"line":43,"column":43}},"2":{"start":{"line":44,"column":27},"end":{"line":44,"column":50}},"3":{"start":{"line":45,"column":21},"end":{"line":45,"column":36}},"4":{"start":{"line":47,"column":21},"end":{"line":47,"column":30}},"5":{"start":{"line":49,"column":64},"end":{"line":49,"column":78}},"6":{"start":{"line":51,"column":2},"end":{"line":59,"column":9}},"7":{"start":{"line":52,"column":4},"end":{"line":54,"column":6}},"8":{"start":{"line":53,"column":6},"end":{"line":53,"column":39}},"9":{"start":{"line":56,"column":4},"end":{"line":58,"column":6}},"10":{"start":{"line":57,"column":6},"end":{"line":57,"column":38}},"11":{"start":{"line":61,"column":23},"end":{"line":97,"column":3}},"12":{"start":{"line":63,"column":6},"end":{"line":94,"column":7}},"13":{"start":{"line":64,"column":8},"end":{"line":64,"column":39}},"14":{"start":{"line":66,"column":23},"end":{"line":71,"column":10}},"15":{"start":{"line":73,"column":8},"end":{"line":75,"column":11}},"16":{"start":{"line":77,"column":8},"end":{"line":80,"column":11}},"17":{"start":{"line":82,"column":8},"end":{"line":82,"column":33}},"18":{"start":{"line":84,"column":8},"end":{"line":88,"column":9}},"19":{"start":{"line":85,"column":25},"end":{"line":85,"column":49}},"20":{"start":{"line":87,"column":10},"end":{"line":87,"column":45}},"21":{"start":{"line":90,"column":8},"end":{"line":93,"column":10}},"22":{"start":{"line":99,"column":2},"end":{"line":160,"column":4}},"23":{"start":{"line":128,"column":39},"end":{"line":128,"column":72}},"24":{"start":{"line":138,"column":39},"end":{"line":138,"column":68}},"25":{"start":{"line":141,"column":37},"end":{"line":141,"column":66}},"26":{"start":{"line":153,"column":44},"end":{"line":153,"column":73}}},"fnMap":{"0":{"name":"(anonymous_0)","decl":{"start":{"line":42,"column":25},"end":{"line":42,"column":26}},"loc":{"start":{"line":42,"column":31},"end":{"line":161,"column":1}},"line":42},"1":{"name":"(anonymous_1)","decl":{"start":{"line":51,"column":12},"end":{"line":51,"column":13}},"loc":{"start":{"line":51,"column":18},"end":{"line":59,"column":3}},"line":51},"2":{"name":"(anonymous_2)","decl":{"start":{"line":52,"column":44},"end":{"line":52,"column":45}},"loc":{"start":{"line":53,"column":6},"end":{"line":53,"column":39}},"line":53},"3":{"name":"(anonymous_3)","decl":{"start":{"line":56,"column":44},"end":{"line":56,"column":45}},"loc":{"start":{"line":57,"column":6},"end":{"line":57,"column":38}},"line":57},"4":{"name":"(anonymous_4)","decl":{"start":{"line":62,"column":4},"end":{"line":62,"column":5}},"loc":{"start":{"line":62,"column":36},"end":{"line":95,"column":5}},"line":62},"5":{"name":"(anonymous_5)","decl":{"start":{"line":128,"column":33},"end":{"line":128,"column":34}},"loc":{"start":{"line":128,"column":39},"end":{"line":128,"column":72}},"line":128},"6":{"name":"(anonymous_6)","decl":{"start":{"line":138,"column":33},"end":{"line":138,"column":34}},"loc":{"start":{"line":138,"column":39},"end":{"line":138,"column":68}},"line":138},"7":{"name":"(anonymous_7)","decl":{"start":{"line":141,"column":31},"end":{"line":141,"column":32}},"loc":{"start":{"line":141,"column":37},"end":{"line":141,"column":66}},"line":141},"8":{"name":"(anonymous_8)","decl":{"start":{"line":153,"column":38},"end":{"line":153,"column":39}},"loc":{"start":{"line":153,"column":44},"end":{"line":153,"column":73}},"line":153}},"branchMap":{"0":{"loc":{"start":{"line":84,"column":8},"end":{"line":88,"column":9}},"type":"if","locations":[{"start":{"line":84,"column":8},"end":{"line":88,"column":9}},{"start":{"line":84,"column":8},"end":{"line":88,"column":9}}],"line":84},"1":{"loc":{"start":{"line":103,"column":18},"end":{"line":103,"column":63}},"type":"cond-expr","locations":[{"start":{"line":103,"column":42},"end":{"line":103,"column":51}},{"start":{"line":103,"column":54},"end":{"line":103,"column":63}}],"line":103},"2":{"loc":{"start":{"line":152,"column":7},"end":{"line":158,"column":7}},"type":"binary-expr","locations":[{"start":{"line":152,"column":7},"end":{"line":152,"column":30}},{"start":{"line":153,"column":8},"end":{"line":157,"column":30}}],"line":152}},"s":{"0":1,"1":1,"2":1,"3":1,"4":1,"5":1,"6":1,"7":1,"8":0,"9":1,"10":0,"11":1,"12":0,"13":0,"14":0,"15":0,"16":0,"17":0,"18":0,"19":0,"20":0,"21":0,"22":1,"23":0,"24":0,"25":0,"26":0},"f":{"0":1,"1":1,"2":0,"3":0,"4":0,"5":0,"6":0,"7":0,"8":0},"b":{"0":[0,0],"1":[1,0],"2":[1,1]},"_coverageSchema":"43e27e138ebf9cfc5966b082cf9a028302ed4184","hash":"70d67017c972d44e5b29e95a7cfb8c0484422801"}
,"C:\\Users\\Gabriel Masson\\Documents\\projetos\\gobarber\\mobile\\src\\screens\\SignUp\\index.tsx": {"path":"C:\\Users\\Gabriel Masson\\Documents\\projetos\\gobarber\\mobile\\src\\screens\\SignUp\\index.tsx","statementMap":{"0":{"start":{"line":40,"column":25},"end":{"line":178,"column":1}},"1":{"start":{"line":41,"column":18},"end":{"line":41,"column":43}},"2":{"start":{"line":42,"column":24},"end":{"line":42,"column":47}},"3":{"start":{"line":43,"column":27},"end":{"line":43,"column":50}},"4":{"start":{"line":45,"column":21},"end":{"line":45,"column":36}},"5":{"start":{"line":47,"column":21},"end":{"line":47,"column":30}},"6":{"start":{"line":49,"column":62},"end":{"line":49,"column":76}},"7":{"start":{"line":51,"column":2},"end":{"line":59,"column":9}},"8":{"start":{"line":52,"column":4},"end":{"line":54,"column":6}},"9":{"start":{"line":53,"column":6},"end":{"line":53,"column":38}},"10":{"start":{"line":56,"column":4},"end":{"line":58,"column":6}},"11":{"start":{"line":57,"column":6},"end":{"line":57,"column":37}},"12":{"start":{"line":61,"column":22},"end":{"line":110,"column":3}},"13":{"start":{"line":63,"column":6},"end":{"line":107,"column":7}},"14":{"start":{"line":64,"column":8},"end":{"line":64,"column":39}},"15":{"start":{"line":66,"column":23},"end":{"line":72,"column":10}},"16":{"start":{"line":74,"column":8},"end":{"line":76,"column":11}},"17":{"start":{"line":78,"column":42},"end":{"line":78,"column":46}},"18":{"start":{"line":80,"column":8},"end":{"line":84,"column":11}},"19":{"start":{"line":86,"column":8},"end":{"line":86,"column":33}},"20":{"start":{"line":88,"column":8},"end":{"line":91,"column":10}},"21":{"start":{"line":93,"column":8},"end":{"line":93,"column":38}},"22":{"start":{"line":95,"column":8},"end":{"line":101,"column":9}},"23":{"start":{"line":96,"column":25},"end":{"line":96,"column":49}},"24":{"start":{"line":98,"column":10},"end":{"line":98,"column":45}},"25":{"start":{"line":100,"column":10},"end":{"line":100,"column":17}},"26":{"start":{"line":103,"column":8},"end":{"line":106,"column":10}},"27":{"start":{"line":112,"column":2},"end":{"line":177,"column":4}},"28":{"start":{"line":137,"column":39},"end":{"line":137,"column":69}},"29":{"start":{"line":149,"column":39},"end":{"line":149,"column":72}},"30":{"start":{"line":158,"column":39},"end":{"line":158,"column":68}},"31":{"start":{"line":161,"column":37},"end":{"line":161,"column":66}},"32":{"start":{"line":170,"column":43},"end":{"line":170,"column":62}}},"fnMap":{"0":{"name":"(anonymous_0)","decl":{"start":{"line":40,"column":25},"end":{"line":40,"column":26}},"loc":{"start":{"line":40,"column":31},"end":{"line":178,"column":1}},"line":40},"1":{"name":"(anonymous_1)","decl":{"start":{"line":51,"column":12},"end":{"line":51,"column":13}},"loc":{"start":{"line":51,"column":18},"end":{"line":59,"column":3}},"line":51},"2":{"name":"(anonymous_2)","decl":{"start":{"line":52,"column":44},"end":{"line":52,"column":45}},"loc":{"start":{"line":53,"column":6},"end":{"line":53,"column":38}},"line":53},"3":{"name":"(anonymous_3)","decl":{"start":{"line":56,"column":44},"end":{"line":56,"column":45}},"loc":{"start":{"line":57,"column":6},"end":{"line":57,"column":37}},"line":57},"4":{"name":"(anonymous_4)","decl":{"start":{"line":62,"column":4},"end":{"line":62,"column":5}},"loc":{"start":{"line":62,"column":36},"end":{"line":108,"column":5}},"line":62},"5":{"name":"(anonymous_5)","decl":{"start":{"line":137,"column":33},"end":{"line":137,"column":34}},"loc":{"start":{"line":137,"column":39},"end":{"line":137,"column":69}},"line":137},"6":{"name":"(anonymous_6)","decl":{"start":{"line":149,"column":33},"end":{"line":149,"column":34}},"loc":{"start":{"line":149,"column":39},"end":{"line":149,"column":72}},"line":149},"7":{"name":"(anonymous_7)","decl":{"start":{"line":158,"column":33},"end":{"line":158,"column":34}},"loc":{"start":{"line":158,"column":39},"end":{"line":158,"column":68}},"line":158},"8":{"name":"(anonymous_8)","decl":{"start":{"line":161,"column":31},"end":{"line":161,"column":32}},"loc":{"start":{"line":161,"column":37},"end":{"line":161,"column":66}},"line":161},"9":{"name":"(anonymous_9)","decl":{"start":{"line":170,"column":37},"end":{"line":170,"column":38}},"loc":{"start":{"line":170,"column":43},"end":{"line":170,"column":62}},"line":170}},"branchMap":{"0":{"loc":{"start":{"line":95,"column":8},"end":{"line":101,"column":9}},"type":"if","locations":[{"start":{"line":95,"column":8},"end":{"line":101,"column":9}},{"start":{"line":95,"column":8},"end":{"line":101,"column":9}}],"line":95},"1":{"loc":{"start":{"line":116,"column":18},"end":{"line":116,"column":63}},"type":"cond-expr","locations":[{"start":{"line":116,"column":42},"end":{"line":116,"column":51}},{"start":{"line":116,"column":54},"end":{"line":116,"column":63}}],"line":116},"2":{"loc":{"start":{"line":169,"column":7},"end":{"line":175,"column":7}},"type":"binary-expr","locations":[{"start":{"line":169,"column":7},"end":{"line":169,"column":29}},{"start":{"line":170,"column":8},"end":{"line":174,"column":29}}],"line":169}},"s":{"0":0,"1":0,"2":0,"3":0,"4":0,"5":0,"6":0,"7":0,"8":0,"9":0,"10":0,"11":0,"12":0,"13":0,"14":0,"15":0,"16":0,"17":0,"18":0,"19":0,"20":0,"21":0,"22":0,"23":0,"24":0,"25":0,"26":0,"27":0,"28":0,"29":0,"30":0,"31":0,"32":0},"f":{"0":0,"1":0,"2":0,"3":0,"4":0,"5":0,"6":0,"7":0,"8":0,"9":0},"b":{"0":[0,0],"1":[0,0],"2":[0,0]},"hash":"39eb6d313ee7c7cc5315c423dfa1b66d507e9f32"}
}
