TN:
SF:C:\Users\Gabriel Masson\Documents\projetos\gobarber\mobile\src\components\Button\index.tsx
FN:10,(anonymous_0)
FNF:1
FNH:1
FNDA:1,(anonymous_0)
DA:10,1
DA:11,1
LF:2
LH:2
BRF:0
BRH:0
end_of_record
TN:
SF:C:\Users\Gabriel Masson\Documents\projetos\gobarber\mobile\src\components\Input\index.tsx
FN:33,(anonymous_0)
FN:46,(anonymous_1)
FN:47,(anonymous_2)
FN:52,(anonymous_3)
FN:57,(anonymous_4)
FN:61,(anonymous_5)
FN:68,(anonymous_6)
FN:72,(anonymous_7)
FN:77,(anonymous_8)
FN:106,(anonymous_9)
FNF:10
FNH:4
FNDA:2,(anonymous_0)
FNDA:1,(anonymous_1)
FNDA:0,(anonymous_2)
FNDA:2,(anonymous_3)
FNDA:0,(anonymous_4)
FNDA:0,(anonymous_5)
FNDA:0,(anonymous_6)
FNDA:0,(anonymous_7)
FNDA:2,(anonymous_8)
FNDA:0,(anonymous_9)
DA:33,1
DA:37,2
DA:39,2
DA:41,2
DA:43,2
DA:44,2
DA:46,2
DA:48,0
DA:52,2
DA:53,2
DA:58,0
DA:59,0
DA:62,0
DA:63,0
DA:68,2
DA:69,0
DA:72,2
DA:73,0
DA:74,0
DA:77,2
DA:78,2
DA:79,0
DA:82,2
DA:83,0
DA:86,2
DA:87,0
DA:90,2
DA:93,2
DA:107,0
LF:29
LH:17
BRDA:34,0,0,2
BRDA:78,1,0,0
BRDA:78,1,1,2
BRDA:82,2,0,0
BRDA:82,2,1,2
BRDA:86,3,0,0
BRDA:86,3,1,2
BRF:7
BRH:4
end_of_record
TN:
SF:C:\Users\Gabriel Masson\Documents\projetos\gobarber\mobile\src\hooks\auth.tsx
FN:46,(anonymous_0)
FN:50,(anonymous_1)
FN:51,loadStoragedData
FN:72,(anonymous_3)
FN:80,(anonymous_4)
FN:98,(anonymous_5)
FN:105,(anonymous_6)
FN:125,useAuth
FNF:8
FNH:1
FNDA:0,(anonymous_0)
FNDA:0,(anonymous_1)
FNDA:0,loadStoragedData
FNDA:0,(anonymous_3)
FNDA:0,(anonymous_4)
FNDA:0,(anonymous_5)
FNDA:0,(anonymous_6)
FNDA:1,useAuth
DA:44,1
DA:46,1
DA:47,0
DA:48,0
DA:50,0
DA:52,0
DA:57,0
DA:58,0
DA:60,0
DA:66,0
DA:69,0
DA:72,0
DA:73,0
DA:80,0
DA:81,0
DA:86,0
DA:88,0
DA:93,0
DA:95,0
DA:98,0
DA:99,0
DA:101,0
DA:104,0
DA:106,0
DA:108,0
DA:116,0
DA:126,1
DA:128,1
DA:129,0
DA:132,1
LF:30
LH:5
BRDA:57,0,0,0
BRDA:57,0,1,0
BRDA:57,1,0,0
BRDA:57,1,1,0
BRDA:128,2,0,0
BRDA:128,2,1,1
BRF:6
BRH:1
end_of_record
TN:
SF:C:\Users\Gabriel Masson\Documents\projetos\gobarber\mobile\src\screens\AppointmentCreation\index.tsx
FN:50,(anonymous_0)
FN:69,(anonymous_1)
FN:70,(anonymous_2)
FN:73,(anonymous_3)
FN:82,(anonymous_4)
FN:85,(anonymous_5)
FN:89,(anonymous_6)
FN:93,(anonymous_7)
FN:94,(anonymous_8)
FN:97,(anonymous_9)
FN:107,(anonymous_10)
FN:111,(anonymous_11)
FN:133,(anonymous_12)
FN:135,(anonymous_13)
FN:136,(anonymous_14)
FN:145,(anonymous_15)
FN:147,(anonymous_16)
FN:148,(anonymous_17)
FN:175,(anonymous_18)
FN:176,(anonymous_19)
FN:179,(anonymous_20)
FN:223,(anonymous_21)
FN:229,(anonymous_22)
FN:246,(anonymous_23)
FN:252,(anonymous_24)
FNF:25
FNH:0
FNDA:0,(anonymous_0)
FNDA:0,(anonymous_1)
FNDA:0,(anonymous_2)
FNDA:0,(anonymous_3)
FNDA:0,(anonymous_4)
FNDA:0,(anonymous_5)
FNDA:0,(anonymous_6)
FNDA:0,(anonymous_7)
FNDA:0,(anonymous_8)
FNDA:0,(anonymous_9)
FNDA:0,(anonymous_10)
FNDA:0,(anonymous_11)
FNDA:0,(anonymous_12)
FNDA:0,(anonymous_13)
FNDA:0,(anonymous_14)
FNDA:0,(anonymous_15)
FNDA:0,(anonymous_16)
FNDA:0,(anonymous_17)
FNDA:0,(anonymous_18)
FNDA:0,(anonymous_19)
FNDA:0,(anonymous_20)
FNDA:0,(anonymous_21)
FNDA:0,(anonymous_22)
FNDA:0,(anonymous_23)
FNDA:0,(anonymous_24)
DA:50,0
DA:51,0
DA:52,0
DA:53,0
DA:55,0
DA:57,0
DA:59,0
DA:60,0
DA:64,0
DA:65,0
DA:67,0
DA:69,0
DA:70,0
DA:73,0
DA:74,0
DA:82,0
DA:85,0
DA:86,0
DA:89,0
DA:90,0
DA:93,0
DA:94,0
DA:97,0
DA:98,0
DA:99,0
DA:102,0
DA:103,0
DA:107,0
DA:108,0
DA:111,0
DA:112,0
DA:113,0
DA:115,0
DA:116,0
DA:117,0
DA:119,0
DA:124,0
DA:126,0
DA:133,0
DA:134,0
DA:135,0
DA:137,0
DA:145,0
DA:146,0
DA:147,0
DA:149,0
DA:157,0
DA:175,0
DA:177,0
DA:179,0
DA:224,0
DA:229,0
DA:247,0
DA:252,0
LF:54
LH:0
BRDA:98,0,0,0
BRDA:98,0,1,0
BRDA:102,1,0,0
BRDA:102,1,1,0
BRDA:181,2,0,0
BRDA:181,2,1,0
BRDA:202,3,0,0
BRDA:202,3,1,0
BRDA:221,4,0,0
BRDA:221,4,1,0
BRDA:244,5,0,0
BRDA:244,5,1,0
BRF:12
BRH:0
end_of_record
TN:
SF:C:\Users\Gabriel Masson\Documents\projetos\gobarber\mobile\src\screens\ApppointmentCreated\index.tsx
FN:20,(anonymous_0)
FN:26,(anonymous_1)
FN:33,(anonymous_2)
FNF:3
FNH:0
FNDA:0,(anonymous_0)
FNDA:0,(anonymous_1)
FNDA:0,(anonymous_2)
DA:20,0
DA:21,0
DA:22,0
DA:24,0
DA:26,0
DA:27,0
DA:33,0
DA:34,0
DA:38,0
DA:39,0
DA:48,0
DA:57,0
LF:12
LH:0
BRDA:38,0,0,0
BRDA:38,0,1,0
BRDA:38,1,0,0
BRDA:38,1,1,0
BRF:4
BRH:0
end_of_record
TN:
SF:C:\Users\Gabriel Masson\Documents\projetos\gobarber\mobile\src\screens\Dashboard\index.tsx
FN:32,(anonymous_0)
FN:38,(anonymous_1)
FN:39,(anonymous_2)
FN:42,(anonymous_3)
FN:47,(anonymous_4)
FN:70,(anonymous_5)
FN:74,(anonymous_6)
FN:76,(anonymous_7)
FNF:8
FNH:0
FNDA:0,(anonymous_0)
FNDA:0,(anonymous_1)
FNDA:0,(anonymous_2)
FNDA:0,(anonymous_3)
FNDA:0,(anonymous_4)
FNDA:0,(anonymous_5)
FNDA:0,(anonymous_6)
FNDA:0,(anonymous_7)
DA:32,0
DA:33,0
DA:34,0
DA:36,0
DA:38,0
DA:39,0
DA:42,0
DA:43,0
DA:46,0
DA:48,0
DA:53,0
DA:70,0
DA:75,0
DA:76,0
LF:14
LH:0
BRDA:78,0,0,0
BRDA:78,0,1,0
BRF:2
BRH:0
end_of_record
TN:
SF:C:\Users\Gabriel Masson\Documents\projetos\gobarber\mobile\src\screens\Profile\index.tsx
FN:46,(anonymous_0)
FN:59,(anonymous_1)
FN:60,(anonymous_2)
FN:64,(anonymous_3)
FN:69,(anonymous_4)
FN:77,(anonymous_5)
FN:96,(anonymous_6)
FN:102,(anonymous_7)
FN:113,(anonymous_8)
FN:119,(anonymous_9)
FN:187,(anonymous_10)
FN:210,(anonymous_11)
FN:222,(anonymous_12)
FN:233,(anonymous_13)
FN:243,(anonymous_14)
FN:252,(anonymous_15)
FN:255,(anonymous_16)
FN:263,(anonymous_17)
FNF:18
FNH:0
FNDA:0,(anonymous_0)
FNDA:0,(anonymous_1)
FNDA:0,(anonymous_2)
FNDA:0,(anonymous_3)
FNDA:0,(anonymous_4)
FNDA:0,(anonymous_5)
FNDA:0,(anonymous_6)
FNDA:0,(anonymous_7)
FNDA:0,(anonymous_8)
FNDA:0,(anonymous_9)
FNDA:0,(anonymous_10)
FNDA:0,(anonymous_11)
FNDA:0,(anonymous_12)
FNDA:0,(anonymous_13)
FNDA:0,(anonymous_14)
FNDA:0,(anonymous_15)
FNDA:0,(anonymous_16)
FNDA:0,(anonymous_17)
DA:46,0
DA:47,0
DA:48,0
DA:49,0
DA:50,0
DA:51,0
DA:53,0
DA:55,0
DA:57,0
DA:59,0
DA:60,0
DA:61,0
DA:64,0
DA:65,0
DA:69,0
DA:70,0
DA:78,0
DA:79,0
DA:82,0
DA:83,0
DA:86,0
DA:88,0
DA:94,0
DA:96,0
DA:101,0
DA:103,0
DA:104,0
DA:106,0
DA:113,0
DA:119,0
DA:126,0
DA:136,0
DA:138,0
DA:150,0
DA:152,0
DA:154,0
DA:156,0
DA:158,0
DA:160,0
DA:161,0
DA:163,0
DA:165,0
DA:168,0
DA:177,0
DA:187,0
DA:210,0
DA:222,0
DA:233,0
DA:243,0
DA:252,0
DA:255,0
DA:263,0
LF:52
LH:0
BRDA:78,0,0,0
BRDA:78,0,1,0
BRDA:82,1,0,0
BRDA:82,1,1,0
BRDA:141,2,0,0
BRDA:141,2,1,0
BRDA:160,3,0,0
BRDA:160,3,1,0
BRDA:181,4,0,0
BRDA:181,4,1,0
BRDA:262,5,0,0
BRDA:262,5,1,0
BRF:12
BRH:0
end_of_record
TN:
SF:C:\Users\Gabriel Masson\Documents\projetos\gobarber\mobile\src\screens\SignIn\index.tsx
FN:42,(anonymous_0)
FN:51,(anonymous_1)
FN:52,(anonymous_2)
FN:56,(anonymous_3)
FN:62,(anonymous_4)
FN:128,(anonymous_5)
FN:138,(anonymous_6)
FN:141,(anonymous_7)
FN:153,(anonymous_8)
FNF:9
FNH:2
FNDA:1,(anonymous_0)
FNDA:1,(anonymous_1)
FNDA:0,(anonymous_2)
FNDA:0,(anonymous_3)
FNDA:0,(anonymous_4)
FNDA:0,(anonymous_5)
FNDA:0,(anonymous_6)
FNDA:0,(anonymous_7)
FNDA:0,(anonymous_8)
DA:42,1
DA:43,1
DA:44,1
DA:45,1
DA:47,1
DA:49,1
DA:51,1
DA:52,1
DA:53,0
DA:56,1
DA:57,0
DA:61,1
DA:63,0
DA:64,0
DA:66,0
DA:73,0
DA:77,0
DA:82,0
DA:84,0
DA:85,0
DA:87,0
DA:90,0
DA:99,1
DA:128,0
DA:138,0
DA:141,0
DA:153,0
LF:27
LH:11
BRDA:84,0,0,0
BRDA:84,0,1,0
BRDA:103,1,0,1
BRDA:103,1,1,0
BRDA:152,2,0,1
BRDA:152,2,1,1
BRF:6
BRH:3
end_of_record
TN:
SF:C:\Users\Gabriel Masson\Documents\projetos\gobarber\mobile\src\screens\SignUp\index.tsx
FN:40,(anonymous_0)
FN:51,(anonymous_1)
FN:52,(anonymous_2)
FN:56,(anonymous_3)
FN:62,(anonymous_4)
FN:137,(anonymous_5)
FN:149,(anonymous_6)
FN:158,(anonymous_7)
FN:161,(anonymous_8)
FN:170,(anonymous_9)
FNF:10
FNH:0
FNDA:0,(anonymous_0)
FNDA:0,(anonymous_1)
FNDA:0,(anonymous_2)
FNDA:0,(anonymous_3)
FNDA:0,(anonymous_4)
FNDA:0,(anonymous_5)
FNDA:0,(anonymous_6)
FNDA:0,(anonymous_7)
FNDA:0,(anonymous_8)
FNDA:0,(anonymous_9)
DA:40,0
DA:41,0
DA:42,0
DA:43,0
DA:45,0
DA:47,0
DA:49,0
DA:51,0
DA:52,0
DA:53,0
DA:56,0
DA:57,0
DA:61,0
DA:63,0
DA:64,0
DA:66,0
DA:74,0
DA:78,0
DA:80,0
DA:86,0
DA:88,0
DA:93,0
DA:95,0
DA:96,0
DA:98,0
DA:100,0
DA:103,0
DA:112,0
DA:137,0
DA:149,0
DA:158,0
DA:161,0
DA:170,0
LF:33
LH:0
BRDA:95,0,0,0
BRDA:95,0,1,0
BRDA:116,1,0,0
BRDA:116,1,1,0
BRDA:169,2,0,0
BRDA:169,2,1,0
BRF:6
BRH:0
end_of_record
